Using pre-set license
Built from '2020.3/release' branch; Version is '2020.3.12f1 (b3b2c6512326) revision 11776710'; Using compiler version '192528614'; Build Type 'Release'
OS: 'Windows 10 Home; OS build 19043.1055; Version 2009; 64bit' Language: 'de' Physical Memory: 16267 MB
BatchMode: 1, IsHumanControllingUs: 0, StartBugReporterOnCrash: 0, Is64bit: 1, IsPro: 0

 COMMAND LINE ARGUMENTS:
C:\Program Files\Unity\2020.3.12f1\Editor\Unity.exe
-adb2
-batchMode
-noUpm
-name
AssetImportWorker0
-projectPath
D:/Omega/omega/OmegaRPG/OmegaRPG
-logFile
Logs/AssetImportWorker0.log
-srvPort
63114
Successfully changed project path to: D:/Omega/omega/OmegaRPG/OmegaRPG
D:/Omega/omega/OmegaRPG/OmegaRPG
Using Asset Import Pipeline V2.
Refreshing native plugins compatible for Editor in 57.83 ms, found 2 plugins.
Preloading 0 native plugins for Editor in 0.00 ms.
Initialize engine version: 2020.3.12f1 (b3b2c6512326)
[Subsystems] Discovering subsystems at path C:/Program Files/Unity/2020.3.12f1/Editor/Data/Resources/UnitySubsystems
[Subsystems] Discovering subsystems at path D:/Omega/omega/OmegaRPG/OmegaRPG/Assets
GfxDevice: creating device client; threaded=0
Direct3D:
    Version:  Direct3D 11.0 [level 11.1]
    Renderer: NVIDIA GeForce GTX 1050 Ti (ID=0x1c8c)
    Vendor:   
    VRAM:     4018 MB
    Driver:   27.21.14.6627
Initialize mono
Mono path[0] = 'C:/Program Files/Unity/2020.3.12f1/Editor/Data/Managed'
Mono path[1] = 'C:/Program Files/Unity/2020.3.12f1/Editor/Data/MonoBleedingEdge/lib/mono/unityjit'
Mono config path = 'C:/Program Files/Unity/2020.3.12f1/Editor/Data/MonoBleedingEdge/etc'
Using monoOptions --debugger-agent=transport=dt_socket,embedding=1,server=y,suspend=n,address=127.0.0.1:56444
Begin MonoManager ReloadAssembly
Registering precompiled unity dll's ...
Register platform support module: C:/Program Files/Unity/2020.3.12f1/Editor/Data/PlaybackEngines/WindowsStandaloneSupport/UnityEditor.WindowsStandalone.Extensions.dll
Registered in 0.004085 seconds.
Native extension for WindowsStandalone target not found
Refreshing native plugins compatible for Editor in 64.52 ms, found 2 plugins.
Preloading 0 native plugins for Editor in 0.00 ms.
Mono: successfully reloaded assembly
- Completed reload, in  5.225 seconds
Platform modules already initialized, skipping
Registering precompiled user dll's ...
Registered in 0.037045 seconds.
Begin MonoManager ReloadAssembly
Native extension for WindowsStandalone target not found
Refreshing native plugins compatible for Editor in 0.36 ms, found 2 plugins.
Preloading 0 native plugins for Editor in 0.00 ms.
Mono: successfully reloaded assembly
- Completed reload, in  1.286 seconds
Platform modules already initialized, skipping
========================================================================
Worker process is ready to serve import requests
Launched and connected shader compiler UnityShaderCompiler.exe after 0.12 seconds
Refreshing native plugins compatible for Editor in 0.39 ms, found 2 plugins.
Preloading 0 native plugins for Editor in 0.00 ms.
Unloading 1440 Unused Serialized files (Serialized files now loaded: 0)
System memory in use before: 67.6 MB.
System memory in use after: 67.6 MB.

Unloading 19 unused Assets to reduce memory usage. Loaded Objects now: 1874.
Total: 2.465400 ms (FindLiveObjects: 0.188000 ms CreateObjectMapping: 0.044800 ms MarkObjects: 2.112000 ms  DeleteObjects: 0.119500 ms)

AssetImportParameters requested are different than current active one (requested -> active):
  custom:framework-win-MediaFoundation: 216162199b28c13a410421893ffa2e32 -> 
  custom:video-decoder-ogg-theora: a1e56fd34408186e4bbccfd4996cb3dc -> 
  custom:container-muxer-webm: aa71ff27fc2769a1b78a27578f13a17b -> 
  custom:container-demuxer-webm: 4f35f7cbe854078d1ac9338744f61a02 -> 
  custom:container-demuxer-ogg: 62fdf1f143b41e24485cea50d1cbac27 -> 
  custom:video-encoder-webm-vp8: eb34c28f22e8b96e1ab97ce403110664 -> 
  custom:video-codec-MediaFoundation-h265: 746d11721c4dcdbdad8f713fa42b33f4 -> 
  custom:video-decoder-webm-vp8: 9c59270c3fd7afecdb556c50c9e8de78 -> 
  custom:audio-decoder-ogg-vorbis: bf7c407c2cedff20999df2af8eb42d56 -> 
  custom:audio-encoder-webm-vorbis: bf7c407c2cedff20999df2af8eb42d56 -> 
========================================================================
Received Import Request.
  path: Assets/InventorySystem/README.txt
  artifactKey: Guid(0b75075ef524b1241b3acabf01d88af4) Importer(815301076,1909f56bfc062723c751e8b465ee728b)
Start importing Assets/InventorySystem/README.txt using Guid(0b75075ef524b1241b3acabf01d88af4) Importer(815301076,1909f56bfc062723c751e8b465ee728b)  -> (artifact id: 'd0a57ccc1ae137ee21dc95dd1a754ddd') in 0.108232 seconds 
  Import took 0.128078 seconds .

========================================================================
Received Import Request.
  Time since last request: 0.000674 seconds.
  path: Assets/InventorySystem
  artifactKey: Guid(016bf4a0b4106e94faba91237b589b7e) Importer(815301076,1909f56bfc062723c751e8b465ee728b)
Start importing Assets/InventorySystem using Guid(016bf4a0b4106e94faba91237b589b7e) Importer(815301076,1909f56bfc062723c751e8b465ee728b)  -> (artifact id: 'e5551faa71990e4ba8fca40dc6443ccc') in 0.003381 seconds 
  Import took 0.005954 seconds .

========================================================================
Received Import Request.
  Time since last request: 306.632122 seconds.
  path: Assets/InventorySystem/Materials
  artifactKey: Guid(d878700f8a0c6114ea29c3b0e649382d) Importer(815301076,1909f56bfc062723c751e8b465ee728b)
Start importing Assets/InventorySystem/Materials using Guid(d878700f8a0c6114ea29c3b0e649382d) Importer(815301076,1909f56bfc062723c751e8b465ee728b)  -> (artifact id: '1b69cd7a2a53cd5245bfb99c230647e6') in 0.003713 seconds 
  Import took 0.181370 seconds .

========================================================================
Received Import Request.
  Time since last request: 0.000449 seconds.
  path: Assets/InventorySystem/Materials/pavement_texture_1.mat
  artifactKey: Guid(2d83456dc09bef74aa6c46addbcbf257) Importer(815301076,1909f56bfc062723c751e8b465ee728b)
Start importing Assets/InventorySystem/Materials/pavement_texture_1.mat using Guid(2d83456dc09bef74aa6c46addbcbf257) Importer(815301076,1909f56bfc062723c751e8b465ee728b)  -> (artifact id: 'ab2882b734b5fc349db9f9a8816a67ea') in 0.267337 seconds 
  Import took 0.284787 seconds .

========================================================================
Received Import Request.
  Time since last request: 2.997415 seconds.
  path: Assets/InventorySystem/Prefabs/SimpleItem 2.prefab
  artifactKey: Guid(865f7ae162299bb4ba14d7ffae706fdf) Importer(815301076,1909f56bfc062723c751e8b465ee728b)
Start importing Assets/InventorySystem/Prefabs/SimpleItem 2.prefab using Guid(865f7ae162299bb4ba14d7ffae706fdf) Importer(815301076,1909f56bfc062723c751e8b465ee728b)  -> (artifact id: '664ee808a2400ce9455b809eed2abb21') in 0.029157 seconds 
  Import took 0.139484 seconds .

========================================================================
Received Import Request.
  Time since last request: 0.000428 seconds.
  path: Assets/InventorySystem/Prefabs/SimpleItem 3.prefab
  artifactKey: Guid(1fd6b07c8db56a04aa5860aa30741093) Importer(815301076,1909f56bfc062723c751e8b465ee728b)
Start importing Assets/InventorySystem/Prefabs/SimpleItem 3.prefab using Guid(1fd6b07c8db56a04aa5860aa30741093) Importer(815301076,1909f56bfc062723c751e8b465ee728b)  -> (artifact id: '5566672953bf43b51ca38defdd2a3739') in 0.018318 seconds 
  Import took 0.078628 seconds .

========================================================================
Received Import Request.
  Time since last request: 0.000454 seconds.
  path: Assets/InventorySystem/Prefabs/SimpleItem.prefab
  artifactKey: Guid(92db75722e0675946911a24b6ccff813) Importer(815301076,1909f56bfc062723c751e8b465ee728b)
Start importing Assets/InventorySystem/Prefabs/SimpleItem.prefab using Guid(92db75722e0675946911a24b6ccff813) Importer(815301076,1909f56bfc062723c751e8b465ee728b)  -> (artifact id: '9c78ddbad85066ef4917893939b2ef45') in 0.013514 seconds 
  Import took 0.041110 seconds .

========================================================================
Received Import Request.
  Time since last request: 0.003022 seconds.
  path: Assets/InventorySystem/Prefabs/SimpleItem.prefab
  artifactKey: Guid(92db75722e0675946911a24b6ccff813) Importer(815301076,1909f56bfc062723c751e8b465ee728b)
Start importing Assets/InventorySystem/Prefabs/SimpleItem.prefab using Guid(92db75722e0675946911a24b6ccff813) Importer(815301076,1909f56bfc062723c751e8b465ee728b)  -> (artifact id: '9c78ddbad85066ef4917893939b2ef45') in 0.012867 seconds 
  Import took 0.015866 seconds .

========================================================================
Received Import Request.
  Time since last request: 16.218635 seconds.
  path: Assets/InventorySystem/Scripts/SC_InventorySystem.cs
  artifactKey: Guid(e1ef6c500c2975647a2e8d8b503f54ff) Importer(815301076,1909f56bfc062723c751e8b465ee728b)
Start importing Assets/InventorySystem/Scripts/SC_InventorySystem.cs using Guid(e1ef6c500c2975647a2e8d8b503f54ff) Importer(815301076,1909f56bfc062723c751e8b465ee728b)  -> (artifact id: '1e5b3e9ef340fd3ca6071192f34f1bdd') in 0.034905 seconds 
  Import took 0.175676 seconds .

========================================================================
Received Import Request.
  Time since last request: 1.956720 seconds.
  path: Assets/InventorySystem/Scripts/SC_PickItem.cs
  artifactKey: Guid(a0a8c4863c7df514b9f2713fe555b7a9) Importer(815301076,1909f56bfc062723c751e8b465ee728b)
Start importing Assets/InventorySystem/Scripts/SC_PickItem.cs using Guid(a0a8c4863c7df514b9f2713fe555b7a9) Importer(815301076,1909f56bfc062723c751e8b465ee728b)  -> (artifact id: '62e65b56b0e5c233e76a4bfd41ec61bc') in 0.003507 seconds 
  Import took 0.089651 seconds .

========================================================================
Received Import Request.
  Time since last request: 62.670952 seconds.
  path: Assets/InventorySystem/Textures/crosshair_texture.png
  artifactKey: Guid(93ac1ab8d8e491644abda3efb68dcfd0) Importer(815301076,1909f56bfc062723c751e8b465ee728b)
Start importing Assets/InventorySystem/Textures/crosshair_texture.png using Guid(93ac1ab8d8e491644abda3efb68dcfd0) Importer(815301076,1909f56bfc062723c751e8b465ee728b)  -> (artifact id: 'b61d273c75fc9fe316ac22e4a7789edb') in 0.093137 seconds 
  Import took 0.190325 seconds .

========================================================================
Received Import Request.
  Time since last request: 0.000304 seconds.
  path: Assets/InventorySystem/Textures/cylinder_preview.png
  artifactKey: Guid(d0526522f1323d2418904228de62dce8) Importer(815301076,1909f56bfc062723c751e8b465ee728b)
Start importing Assets/InventorySystem/Textures/cylinder_preview.png using Guid(d0526522f1323d2418904228de62dce8) Importer(815301076,1909f56bfc062723c751e8b465ee728b)  -> (artifact id: '6e8ae77a8c2ebd10e5066eb7eee9452a') in 0.011443 seconds 
  Import took 0.040406 seconds .

========================================================================
Received Import Request.
  Time since last request: 0.000557 seconds.
  path: Assets/InventorySystem/Textures/cube_preview.png
  artifactKey: Guid(ba3257a8ee8ce9a4f9c61c619ca37543) Importer(815301076,1909f56bfc062723c751e8b465ee728b)
Start importing Assets/InventorySystem/Textures/cube_preview.png using Guid(ba3257a8ee8ce9a4f9c61c619ca37543) Importer(815301076,1909f56bfc062723c751e8b465ee728b)  -> (artifact id: 'e75a87076a4cbc2220227e9e77cf9e11') in 0.011311 seconds 
  Import took 0.031065 seconds .

========================================================================
Received Import Request.
  Time since last request: 0.000340 seconds.
  path: Assets/InventorySystem/Textures/pavement_texture_1.jpg
  artifactKey: Guid(affcb71827151f54da4a11ba4f5967c3) Importer(815301076,1909f56bfc062723c751e8b465ee728b)
Start importing Assets/InventorySystem/Textures/pavement_texture_1.jpg using Guid(affcb71827151f54da4a11ba4f5967c3) Importer(815301076,1909f56bfc062723c751e8b465ee728b)  -> (artifact id: '4d71ce661573f7611f622433d6d108c8') in 0.019696 seconds 
  Import took 0.048670 seconds .

========================================================================
Received Import Request.
  Time since last request: 0.000461 seconds.
  path: Assets/InventorySystem/Textures/sphere_preview.png
  artifactKey: Guid(6b7a50a93108662449f1a160ca7c8f12) Importer(815301076,1909f56bfc062723c751e8b465ee728b)
Start importing Assets/InventorySystem/Textures/sphere_preview.png using Guid(6b7a50a93108662449f1a160ca7c8f12) Importer(815301076,1909f56bfc062723c751e8b465ee728b)  -> (artifact id: 'cb47df0aac5214a72ef75bf02e6c04cd') in 0.012775 seconds 
  Import took 0.054079 seconds .

========================================================================
Received Import Request.
  Time since last request: 0.000322 seconds.
  path: Assets/InventorySystem/Textures/pavement_texture_1.jpg
  artifactKey: Guid(affcb71827151f54da4a11ba4f5967c3) Importer(815301076,1909f56bfc062723c751e8b465ee728b)
Start importing Assets/InventorySystem/Textures/pavement_texture_1.jpg using Guid(affcb71827151f54da4a11ba4f5967c3) Importer(815301076,1909f56bfc062723c751e8b465ee728b)  -> (artifact id: '4d71ce661573f7611f622433d6d108c8') in 0.011330 seconds 
  Import took 0.014328 seconds .

========================================================================
Received Import Request.
  Time since last request: 66.765645 seconds.
  path: Assets/Scripts/SC_InventorySystem.cs
  artifactKey: Guid(59de3b03de7d09e47aa8bf005de55433) Importer(815301076,1909f56bfc062723c751e8b465ee728b)
Start importing Assets/Scripts/SC_InventorySystem.cs using Guid(59de3b03de7d09e47aa8bf005de55433) Importer(815301076,1909f56bfc062723c751e8b465ee728b)  -> (artifact id: '3ab5dfb77ac3a2e31e0ee9a1cf29f53b') in 0.003254 seconds 
  Import took 1.774688 seconds .

========================================================================
Received Import Request.
  Time since last request: 15.726218 seconds.
  path: Assets/Scripts/SC_InventorySystemOrigin.cs
  artifactKey: Guid(59de3b03de7d09e47aa8bf005de55433) Importer(815301076,1909f56bfc062723c751e8b465ee728b)
Start importing Assets/Scripts/SC_InventorySystemOrigin.cs using Guid(59de3b03de7d09e47aa8bf005de55433) Importer(815301076,1909f56bfc062723c751e8b465ee728b)  -> (artifact id: '08cc48a9eb372b924b11e78a3a862c54') in 0.003249 seconds 
  Import took 0.062926 seconds .

========================================================================
Received Import Request.
  Time since last request: 75.827325 seconds.
  path: Assets/Scripts/AssimInventory.cs
  artifactKey: Guid(59de3b03de7d09e47aa8bf005de55433) Importer(815301076,1909f56bfc062723c751e8b465ee728b)
Start importing Assets/Scripts/AssimInventory.cs using Guid(59de3b03de7d09e47aa8bf005de55433) Importer(815301076,1909f56bfc062723c751e8b465ee728b)  -> (artifact id: 'd6dbc9b05271dfd656176b72cb9ef220') in 0.004575 seconds 
  Import took 0.008614 seconds .

========================================================================
Received Import Request.
  Time since last request: 8.567215 seconds.
  path: Assets/Scripts/SC_PickItem.cs
  artifactKey: Guid(eaa065ddfd4d0f245955d05642c33fe1) Importer(815301076,1909f56bfc062723c751e8b465ee728b)
Start importing Assets/Scripts/SC_PickItem.cs using Guid(eaa065ddfd4d0f245955d05642c33fe1) Importer(815301076,1909f56bfc062723c751e8b465ee728b)  -> (artifact id: '43cedab7c5190e76f47b02dc0ca503a0') in 0.002652 seconds 
  Import took 0.123888 seconds .

========================================================================
Received Import Request.
  Time since last request: 14.002558 seconds.
  path: Assets/Scripts/AssimPickItem.cs
  artifactKey: Guid(eaa065ddfd4d0f245955d05642c33fe1) Importer(815301076,1909f56bfc062723c751e8b465ee728b)
Start importing Assets/Scripts/AssimPickItem.cs using Guid(eaa065ddfd4d0f245955d05642c33fe1) Importer(815301076,1909f56bfc062723c751e8b465ee728b)  -> (artifact id: '8c2ed516cd1b1ff6ee61de20eed4bd1a') in 0.003784 seconds 
  Import took 0.138561 seconds .

========================================================================
Received Import Request.
  Time since last request: 92.908496 seconds.
  path: Assets/Scripts/AssimInventorySystem.cs
  artifactKey: Guid(59de3b03de7d09e47aa8bf005de55433) Importer(815301076,1909f56bfc062723c751e8b465ee728b)
Start importing Assets/Scripts/AssimInventorySystem.cs using Guid(59de3b03de7d09e47aa8bf005de55433) Importer(815301076,1909f56bfc062723c751e8b465ee728b)  -> (artifact id: '81314364509cb68657ba7e99e4cc84e3') in 0.004217 seconds 
  Import took 0.078867 seconds .

========================================================================
Received Import Request.
  Time since last request: 50.684644 seconds.
  path: Assets/Scripts/AssimPickItem.cs
  artifactKey: Guid(eaa065ddfd4d0f245955d05642c33fe1) Importer(815301076,1909f56bfc062723c751e8b465ee728b)
Start importing Assets/Scripts/AssimPickItem.cs using Guid(eaa065ddfd4d0f245955d05642c33fe1) Importer(815301076,1909f56bfc062723c751e8b465ee728b)  -> (artifact id: 'dd9dc4e38c116f7aee97387f4eeeaca5') in 0.003862 seconds 
  Import took 0.047679 seconds .

========================================================================
Received Import Request.
  Time since last request: 0.000556 seconds.
  path: Assets/Scripts/AssimInventory.cs
  artifactKey: Guid(006c232e7725030428e28cd551701d59) Importer(815301076,1909f56bfc062723c751e8b465ee728b)
Start importing Assets/Scripts/AssimInventory.cs using Guid(006c232e7725030428e28cd551701d59) Importer(815301076,1909f56bfc062723c751e8b465ee728b)  -> (artifact id: 'c946bf2b65a9dc4f41e1e0a4c4ca7b54') in 0.005027 seconds 
  Import took 0.008704 seconds .

========================================================================
Received Prepare
Registering precompiled user dll's ...
Registered in 0.006318 seconds.
Begin MonoManager ReloadAssembly
Native extension for WindowsStandalone target not found
Refreshing native plugins compatible for Editor in 0.36 ms, found 2 plugins.
Preloading 0 native plugins for Editor in 0.00 ms.
Mono: successfully reloaded assembly
- Completed reload, in  1.258 seconds
Platform modules already initialized, skipping
Refreshing native plugins compatible for Editor in 0.40 ms, found 2 plugins.
Preloading 0 native plugins for Editor in 0.00 ms.
Unloading 1437 Unused Serialized files (Serialized files now loaded: 0)
System memory in use before: 71.0 MB.
System memory in use after: 71.1 MB.

Unloading 15 unused Assets to reduce memory usage. Loaded Objects now: 1925.
Total: 2.158300 ms (FindLiveObjects: 0.144800 ms CreateObjectMapping: 0.044000 ms MarkObjects: 1.840100 ms  DeleteObjects: 0.128500 ms)

AssetImportParameters requested are different than current active one (requested -> active):
  custom:framework-win-MediaFoundation: 216162199b28c13a410421893ffa2e32 -> 
  custom:video-decoder-ogg-theora: a1e56fd34408186e4bbccfd4996cb3dc -> 
  custom:container-muxer-webm: aa71ff27fc2769a1b78a27578f13a17b -> 
  custom:container-demuxer-webm: 4f35f7cbe854078d1ac9338744f61a02 -> 
  custom:container-demuxer-ogg: 62fdf1f143b41e24485cea50d1cbac27 -> 
  custom:video-encoder-webm-vp8: eb34c28f22e8b96e1ab97ce403110664 -> 
  custom:video-codec-MediaFoundation-h265: 746d11721c4dcdbdad8f713fa42b33f4 -> 
  custom:video-decoder-webm-vp8: 9c59270c3fd7afecdb556c50c9e8de78 -> 
  custom:audio-decoder-ogg-vorbis: bf7c407c2cedff20999df2af8eb42d56 -> 
  custom:audio-encoder-webm-vorbis: bf7c407c2cedff20999df2af8eb42d56 -> 
========================================================================
Received Import Request.
  Time since last request: 48.434655 seconds.
  path: Assets/Scripts/AssimInventorySystem.cs
  artifactKey: Guid(006c232e7725030428e28cd551701d59) Importer(815301076,1909f56bfc062723c751e8b465ee728b)
Start importing Assets/Scripts/AssimInventorySystem.cs using Guid(006c232e7725030428e28cd551701d59) Importer(815301076,1909f56bfc062723c751e8b465ee728b)  -> (artifact id: 'fcdc76edad98e87efa260ec1d05a6c19') in 0.008945 seconds 
  Import took 0.035813 seconds .

========================================================================
Received Import Request.
  Time since last request: 0.002611 seconds.
  path: Assets/Scripts/AssimInventorySystem.cs
  artifactKey: Guid(006c232e7725030428e28cd551701d59) Importer(815301076,1909f56bfc062723c751e8b465ee728b)
Start importing Assets/Scripts/AssimInventorySystem.cs using Guid(006c232e7725030428e28cd551701d59) Importer(815301076,1909f56bfc062723c751e8b465ee728b)  -> (artifact id: 'fcdc76edad98e87efa260ec1d05a6c19') in 0.004576 seconds 
  Import took 0.008215 seconds .

========================================================================
Received Prepare
Registering precompiled user dll's ...
Registered in 0.006703 seconds.
Begin MonoManager ReloadAssembly
Native extension for WindowsStandalone target not found
Refreshing native plugins compatible for Editor in 0.60 ms, found 2 plugins.
Preloading 0 native plugins for Editor in 0.00 ms.
Mono: successfully reloaded assembly
- Completed reload, in  1.306 seconds
Platform modules already initialized, skipping
Refreshing native plugins compatible for Editor in 0.41 ms, found 2 plugins.
Preloading 0 native plugins for Editor in 0.00 ms.
Unloading 1437 Unused Serialized files (Serialized files now loaded: 0)
System memory in use before: 71.0 MB.
System memory in use after: 71.1 MB.

Unloading 14 unused Assets to reduce memory usage. Loaded Objects now: 1928.
Total: 2.875300 ms (FindLiveObjects: 0.160600 ms CreateObjectMapping: 0.053900 ms MarkObjects: 2.593200 ms  DeleteObjects: 0.066100 ms)

AssetImportParameters requested are different than current active one (requested -> active):
  custom:framework-win-MediaFoundation: 216162199b28c13a410421893ffa2e32 -> 
  custom:video-decoder-ogg-theora: a1e56fd34408186e4bbccfd4996cb3dc -> 
  custom:container-muxer-webm: aa71ff27fc2769a1b78a27578f13a17b -> 
  custom:container-demuxer-webm: 4f35f7cbe854078d1ac9338744f61a02 -> 
  custom:container-demuxer-ogg: 62fdf1f143b41e24485cea50d1cbac27 -> 
  custom:video-encoder-webm-vp8: eb34c28f22e8b96e1ab97ce403110664 -> 
  custom:video-codec-MediaFoundation-h265: 746d11721c4dcdbdad8f713fa42b33f4 -> 
  custom:video-decoder-webm-vp8: 9c59270c3fd7afecdb556c50c9e8de78 -> 
  custom:audio-decoder-ogg-vorbis: bf7c407c2cedff20999df2af8eb42d56 -> 
  custom:audio-encoder-webm-vorbis: bf7c407c2cedff20999df2af8eb42d56 -> 
AssetImportWorkerClient::OnTransportError - code=2 error=End of file
